c:\users\immic\desktop\cs3113-master\templates\visualstudiosdlproject\sdlproject\debug\vc142.pdb
c:\users\immic\desktop\cs3113-master\templates\visualstudiosdlproject\sdlproject\debug\vc142.idb
c:\users\immic\desktop\cs3113-master\templates\visualstudiosdlproject\sdlproject\debug\shaderprogram.obj
c:\users\immic\desktop\cs3113-master\templates\visualstudiosdlproject\sdlproject\debug\main.obj
c:\users\immic\desktop\github\csuy3113\proj1\visualstudiosdlproject\sdlproject\debug\vc142.pdb
c:\users\immic\desktop\github\csuy3113\proj1\visualstudiosdlproject\sdlproject\debug\vc142.idb
c:\users\immic\desktop\github\csuy3113\proj1\visualstudiosdlproject\sdlproject\debug\shaderprogram.obj
c:\users\immic\desktop\github\csuy3113\proj1\visualstudiosdlproject\sdlproject\debug\main.obj
c:\users\immic\desktop\github\csuy3113\proj2\visualstudiosdlproject\sdlproject\debug\vc142.pdb
c:\users\immic\desktop\github\csuy3113\proj2\visualstudiosdlproject\sdlproject\debug\vc142.idb
c:\users\immic\desktop\github\csuy3113\proj2\visualstudiosdlproject\sdlproject\debug\shaderprogram.obj
c:\users\immic\desktop\github\csuy3113\proj2\visualstudiosdlproject\sdlproject\debug\main.obj
c:\users\immic\desktop\github\csuy3113\proj3\visualstudiosdlproject\sdlproject\debug\vc142.pdb
c:\users\immic\desktop\github\csuy3113\proj3\visualstudiosdlproject\sdlproject\debug\vc142.idb
c:\users\immic\desktop\github\csuy3113\proj3\visualstudiosdlproject\sdlproject\debug\shaderprogram.obj
c:\users\immic\desktop\github\csuy3113\proj3\visualstudiosdlproject\sdlproject\debug\main.obj
c:\users\immic\desktop\github\csuy3113\proj3\visualstudiosdlproject\sdlproject\debug\entity.obj
c:\users\immic\desktop\github\csuy3113\proj4\visualstudiosdlproject\sdlproject\debug\vc142.pdb
c:\users\immic\desktop\github\csuy3113\proj4\visualstudiosdlproject\sdlproject\debug\vc142.idb
c:\users\immic\desktop\github\csuy3113\proj4\visualstudiosdlproject\sdlproject\debug\shaderprogram.obj
c:\users\immic\desktop\github\csuy3113\proj4\visualstudiosdlproject\sdlproject\debug\main.obj
c:\users\immic\desktop\github\csuy3113\proj4\visualstudiosdlproject\sdlproject\debug\entity.obj
c:\users\immic\desktop\github\csuy3113\proj5\visualstudiosdlproject\sdlproject\debug\vc142.pdb
c:\users\immic\desktop\github\csuy3113\proj5\visualstudiosdlproject\sdlproject\debug\vc142.idb
c:\users\immic\desktop\github\csuy3113\proj5\visualstudiosdlproject\sdlproject\debug\shaderprogram.obj
c:\users\immic\desktop\github\csuy3113\proj5\visualstudiosdlproject\sdlproject\debug\main.obj
c:\users\immic\desktop\github\csuy3113\proj5\visualstudiosdlproject\sdlproject\debug\entity.obj
c:\users\immic\desktop\github\csuy3113\proj5\visualstudiosdlproject\sdlproject\debug\map.obj
c:\users\immic\desktop\github\csuy3113\proj5\visualstudiosdlproject\sdlproject\debug\util.obj
c:\users\immic\desktop\github\csuy3113\proj5\visualstudiosdlproject\sdlproject\debug\scene.obj
c:\users\immic\desktop\github\csuy3113\proj5\visualstudiosdlproject\sdlproject\debug\level1.obj
c:\users\immic\desktop\github\csuy3113\proj5\visualstudiosdlproject\sdlproject\debug\level2.obj
c:\users\immic\desktop\github\csuy3113\proj5\visualstudiosdlproject\sdlproject\debug\startscreen.obj
c:\users\immic\desktop\github\csuy3113\proj5\visualstudiosdlproject\sdlproject\debug\level3.obj
c:\users\immic\desktop\cs3113-master\templates\visualstudiosdlproject\sdlproject\debug\sdlproject.exe
c:\users\immic\desktop\cs3113-master\templates\visualstudiosdlproject\sdlproject\debug\sdlproject.ilk
c:\users\immic\desktop\cs3113-master\templates\visualstudiosdlproject\sdlproject\debug\sdlproject.pdb
c:\users\immic\desktop\github\csuy3113\proj1\visualstudiosdlproject\sdlproject\debug\sdlproject.exe
c:\users\immic\desktop\github\csuy3113\proj1\visualstudiosdlproject\sdlproject\debug\sdlproject.ilk
c:\users\immic\desktop\github\csuy3113\proj1\visualstudiosdlproject\sdlproject\debug\sdlproject.pdb
c:\users\immic\desktop\github\csuy3113\proj2\visualstudiosdlproject\sdlproject\debug\sdlproject.exe
c:\users\immic\desktop\github\csuy3113\proj2\visualstudiosdlproject\sdlproject\debug\sdlproject.ilk
c:\users\immic\desktop\github\csuy3113\proj2\visualstudiosdlproject\sdlproject\debug\sdlproject.pdb
c:\users\immic\desktop\github\csuy3113\proj3\visualstudiosdlproject\sdlproject\debug\sdlproject.exe
c:\users\immic\desktop\github\csuy3113\proj3\visualstudiosdlproject\sdlproject\debug\sdlproject.ilk
c:\users\immic\desktop\github\csuy3113\proj3\visualstudiosdlproject\sdlproject\debug\sdlproject.pdb
c:\users\immic\desktop\github\csuy3113\proj4\visualstudiosdlproject\sdlproject\debug\sdlproject.exe
c:\users\immic\desktop\github\csuy3113\proj4\visualstudiosdlproject\sdlproject\debug\sdlproject.ilk
c:\users\immic\desktop\github\csuy3113\proj4\visualstudiosdlproject\sdlproject\debug\sdlproject.pdb
c:\users\immic\desktop\github\csuy3113\proj5\visualstudiosdlproject\sdlproject\debug\sdlproject.exe
c:\users\immic\desktop\github\csuy3113\proj5\visualstudiosdlproject\sdlproject\debug\sdlproject.ilk
c:\users\immic\desktop\github\csuy3113\proj5\visualstudiosdlproject\sdlproject\debug\sdlproject.pdb
c:\users\immic\desktop\github\csuy3113\proj5\visualstudiosdlproject\sdlproject\debug\main.obj.enc
c:\users\immic\desktop\github\csuy3113\proj5\visualstudiosdlproject\sdlproject\debug\sdlproject.tlog\cl.command.1.tlog
c:\users\immic\desktop\github\csuy3113\proj5\visualstudiosdlproject\sdlproject\debug\sdlproject.tlog\cl.read.1.tlog
c:\users\immic\desktop\github\csuy3113\proj5\visualstudiosdlproject\sdlproject\debug\sdlproject.tlog\cl.write.1.tlog
c:\users\immic\desktop\github\csuy3113\proj5\visualstudiosdlproject\sdlproject\debug\sdlproject.tlog\link.command.1.tlog
c:\users\immic\desktop\github\csuy3113\proj5\visualstudiosdlproject\sdlproject\debug\sdlproject.tlog\link.read.1.tlog
c:\users\immic\desktop\github\csuy3113\proj5\visualstudiosdlproject\sdlproject\debug\sdlproject.tlog\link.write.1.tlog
